<?xml version="1.0" encoding="UTF-8"?>
<testng-results skipped="0" failed="0" total="1" passed="1">
  <reporter-output>
  </reporter-output>
  <suite name="Surefire suite" duration-ms="172" started-at="2016-12-12T13:54:39Z" finished-at="2016-12-12T13:54:39Z">
    <groups>
    </groups>
    <test name="Surefire test" duration-ms="172" started-at="2016-12-12T13:54:39Z" finished-at="2016-12-12T13:54:39Z">
      <class name="com.everis.javaschool.inventory.ProductTest">
        <test-method status="PASS" signature="test()" name="test" duration-ms="167" started-at="2016-12-12T13:54:39Z" finished-at="2016-12-12T13:54:39Z">
        </test-method>
      </class>
    </test>
  </suite>
</testng-results>
